\BOOKMARK [1][-]{section.1}{\376\377\173\227\154\325\131\015\147\102\136\246\122\006\147\220\040\024\040\024\156\020\217\321\210\150\171\072\154\325}{}% 1
\BOOKMARK [1][-]{section.2}{\376\377\122\006\154\273\154\325}{}% 2
\BOOKMARK [2][-]{subsection.2.1}{\376\377\211\343\230\230\140\035\215\357}{section.2}% 3
\BOOKMARK [2][-]{subsection.2.2}{\376\377\131\015\147\102\136\246\122\006\147\220}{section.2}% 4
\BOOKMARK [2][-]{subsection.2.3}{\376\377\117\213\230\230}{section.2}% 5
\BOOKMARK [1][-]{section.3}{\376\377\122\250\140\001\211\304\122\022}{}% 6
\BOOKMARK [2][-]{subsection.3.1}{\376\377\211\343\230\230\140\035\215\357}{section.3}% 7
\BOOKMARK [2][-]{subsection.3.2}{\376\377\117\213\230\230}{section.3}% 8
\BOOKMARK [1][-]{section.4}{\376\377\215\052\137\303\173\227\154\325}{}% 9
\BOOKMARK [2][-]{subsection.4.1}{\376\377\117\213\230\230}{section.4}% 10
\BOOKMARK [1][-]{section.5}{\376\377\151\202\163\207\173\227\154\325}{}% 11
\BOOKMARK [2][-]{subsection.5.1}{\376\377\000S\000h\000e\000r\000w\000o\000o\000d\173\227\154\325}{section.5}% 12
\BOOKMARK [2][-]{subsection.5.2}{\376\377\000L\000a\000s\000\040\000V\000e\000g\000a\000s\173\227\154\325}{section.5}% 13
\BOOKMARK [2][-]{subsection.5.3}{\376\377\000M\000o\000n\000t\000e\000\040\000C\000a\000r\000l\000o\173\227\154\325}{section.5}% 14
\BOOKMARK [2][-]{subsection.5.4}{\376\377\117\213\230\230}{section.5}% 15
\BOOKMARK [1][-]{section.6}{\376\377\122\006\136\003\137\017\173\227\154\325}{}% 16
\BOOKMARK [2][-]{subsection.6.1}{\376\377\152\041\127\213}{section.6}% 17
\BOOKMARK [2][-]{subsection.6.2}{\376\377\127\372\147\054\173\227\154\325}{section.6}% 18
\BOOKMARK [3][-]{subsubsection.6.2.1}{\376\377\137\142\137\017\123\026\152\041\127\213\377\010\142\026\213\270\123\357\116\345\220\032\217\307\142\064\150\356\164\003\166\204\116\000\116\052\116\247\176\277\147\145\164\006\211\343\377\011}{subsection.6.2}% 19
\BOOKMARK [3][-]{subsubsection.6.2.2}{\376\377\124\014\153\145\174\373\176\337\124\214\137\002\153\145\174\373\176\337}{subsection.6.2}% 20
